
*** Running vivado
    with args -log system_wrapper.vdi -applog -m64 -messageDb vivado.pb -mode batch -source system_wrapper.tcl -notrace


****** Vivado v2015.4 (64-bit)
  **** SW Build 1412921 on Wed Nov 18 09:43:45 MST 2015
  **** IP Build 1412160 on Tue Nov 17 13:47:24 MST 2015
    ** Copyright 1986-2015 Xilinx, Inc. All Rights Reserved.

source system_wrapper.tcl -notrace
Design is defaulting to srcset: sources_1
Design is defaulting to constrset: constrs_1
INFO: [Netlist 29-17] Analyzing 120 Unisim elements for replacement
INFO: [Netlist 29-28] Unisim Transformation completed in 0 CPU seconds
INFO: [Project 1-479] Netlist was created with Vivado 2015.4
INFO: [Device 21-403] Loading part xc7z010clg400-1
INFO: [Project 1-570] Preparing netlist for logic optimization
Parsing XDC File [c:/Users/maval/Desktop/hw/zybo_bsd/zybo_bsd.srcs/sources_1/bd/system/ip/system_processing_system7_0_0/system_processing_system7_0_0.xdc] for cell 'system_i/processing_system7_0/inst'
Finished Parsing XDC File [c:/Users/maval/Desktop/hw/zybo_bsd/zybo_bsd.srcs/sources_1/bd/system/ip/system_processing_system7_0_0/system_processing_system7_0_0.xdc] for cell 'system_i/processing_system7_0/inst'
Parsing XDC File [c:/Users/maval/Desktop/hw/zybo_bsd/zybo_bsd.srcs/sources_1/bd/system/ip/system_axi_timer_0_0/system_axi_timer_0_0.xdc] for cell 'system_i/axi_timer_0'
Finished Parsing XDC File [c:/Users/maval/Desktop/hw/zybo_bsd/zybo_bsd.srcs/sources_1/bd/system/ip/system_axi_timer_0_0/system_axi_timer_0_0.xdc] for cell 'system_i/axi_timer_0'
Parsing XDC File [c:/Users/maval/Desktop/hw/zybo_bsd/zybo_bsd.srcs/sources_1/bd/system/ip/system_axi_timer_1_0/system_axi_timer_1_0.xdc] for cell 'system_i/axi_timer_1'
Finished Parsing XDC File [c:/Users/maval/Desktop/hw/zybo_bsd/zybo_bsd.srcs/sources_1/bd/system/ip/system_axi_timer_1_0/system_axi_timer_1_0.xdc] for cell 'system_i/axi_timer_1'
Parsing XDC File [c:/Users/maval/Desktop/hw/zybo_bsd/zybo_bsd.srcs/sources_1/bd/system/ip/system_rst_processing_system7_0_100M_0/system_rst_processing_system7_0_100M_0_board.xdc] for cell 'system_i/rst_processing_system7_0_100M'
Finished Parsing XDC File [c:/Users/maval/Desktop/hw/zybo_bsd/zybo_bsd.srcs/sources_1/bd/system/ip/system_rst_processing_system7_0_100M_0/system_rst_processing_system7_0_100M_0_board.xdc] for cell 'system_i/rst_processing_system7_0_100M'
Parsing XDC File [c:/Users/maval/Desktop/hw/zybo_bsd/zybo_bsd.srcs/sources_1/bd/system/ip/system_rst_processing_system7_0_100M_0/system_rst_processing_system7_0_100M_0.xdc] for cell 'system_i/rst_processing_system7_0_100M'
Finished Parsing XDC File [c:/Users/maval/Desktop/hw/zybo_bsd/zybo_bsd.srcs/sources_1/bd/system/ip/system_rst_processing_system7_0_100M_0/system_rst_processing_system7_0_100M_0.xdc] for cell 'system_i/rst_processing_system7_0_100M'
Parsing XDC File [C:/Users/maval/Desktop/hw/zybo_bsd/zybo_bsd.srcs/constrs_1/new/base.xdc]
WARNING: [Vivado 12-584] No ports matched 'btns_4bits_tri_i[0]'. [C:/Users/maval/Desktop/hw/zybo_bsd/zybo_bsd.srcs/constrs_1/new/base.xdc:1]
CRITICAL WARNING: [Common 17-55] 'set_property' expects at least one object. [C:/Users/maval/Desktop/hw/zybo_bsd/zybo_bsd.srcs/constrs_1/new/base.xdc:1]
Resolution: If [get_<value>] was used to populate the object, check to make sure this command returns at least one valid object.
WARNING: [Vivado 12-584] No ports matched 'btns_4bits_tri_i[1]'. [C:/Users/maval/Desktop/hw/zybo_bsd/zybo_bsd.srcs/constrs_1/new/base.xdc:2]
CRITICAL WARNING: [Common 17-55] 'set_property' expects at least one object. [C:/Users/maval/Desktop/hw/zybo_bsd/zybo_bsd.srcs/constrs_1/new/base.xdc:2]
Resolution: If [get_<value>] was used to populate the object, check to make sure this command returns at least one valid object.
WARNING: [Vivado 12-584] No ports matched 'btns_4bits_tri_i[2]'. [C:/Users/maval/Desktop/hw/zybo_bsd/zybo_bsd.srcs/constrs_1/new/base.xdc:3]
CRITICAL WARNING: [Common 17-55] 'set_property' expects at least one object. [C:/Users/maval/Desktop/hw/zybo_bsd/zybo_bsd.srcs/constrs_1/new/base.xdc:3]
Resolution: If [get_<value>] was used to populate the object, check to make sure this command returns at least one valid object.
WARNING: [Vivado 12-584] No ports matched 'btns_4bits_tri_i[3]'. [C:/Users/maval/Desktop/hw/zybo_bsd/zybo_bsd.srcs/constrs_1/new/base.xdc:4]
CRITICAL WARNING: [Common 17-55] 'set_property' expects at least one object. [C:/Users/maval/Desktop/hw/zybo_bsd/zybo_bsd.srcs/constrs_1/new/base.xdc:4]
Resolution: If [get_<value>] was used to populate the object, check to make sure this command returns at least one valid object.
WARNING: [Vivado 12-584] No ports matched 'btns_4bits_tri_i[*]'. [C:/Users/maval/Desktop/hw/zybo_bsd/zybo_bsd.srcs/constrs_1/new/base.xdc:5]
CRITICAL WARNING: [Common 17-55] 'set_property' expects at least one object. [C:/Users/maval/Desktop/hw/zybo_bsd/zybo_bsd.srcs/constrs_1/new/base.xdc:5]
Resolution: If [get_<value>] was used to populate the object, check to make sure this command returns at least one valid object.
WARNING: [Vivado 12-584] No ports matched 'leds_4bits_tri_o[0]'. [C:/Users/maval/Desktop/hw/zybo_bsd/zybo_bsd.srcs/constrs_1/new/base.xdc:7]
CRITICAL WARNING: [Common 17-55] 'set_property' expects at least one object. [C:/Users/maval/Desktop/hw/zybo_bsd/zybo_bsd.srcs/constrs_1/new/base.xdc:7]
Resolution: If [get_<value>] was used to populate the object, check to make sure this command returns at least one valid object.
WARNING: [Vivado 12-584] No ports matched 'leds_4bits_tri_o[1]'. [C:/Users/maval/Desktop/hw/zybo_bsd/zybo_bsd.srcs/constrs_1/new/base.xdc:8]
CRITICAL WARNING: [Common 17-55] 'set_property' expects at least one object. [C:/Users/maval/Desktop/hw/zybo_bsd/zybo_bsd.srcs/constrs_1/new/base.xdc:8]
Resolution: If [get_<value>] was used to populate the object, check to make sure this command returns at least one valid object.
WARNING: [Vivado 12-584] No ports matched 'leds_4bits_tri_o[2]'. [C:/Users/maval/Desktop/hw/zybo_bsd/zybo_bsd.srcs/constrs_1/new/base.xdc:9]
CRITICAL WARNING: [Common 17-55] 'set_property' expects at least one object. [C:/Users/maval/Desktop/hw/zybo_bsd/zybo_bsd.srcs/constrs_1/new/base.xdc:9]
Resolution: If [get_<value>] was used to populate the object, check to make sure this command returns at least one valid object.
WARNING: [Vivado 12-584] No ports matched 'leds_4bits_tri_o[3]'. [C:/Users/maval/Desktop/hw/zybo_bsd/zybo_bsd.srcs/constrs_1/new/base.xdc:10]
CRITICAL WARNING: [Common 17-55] 'set_property' expects at least one object. [C:/Users/maval/Desktop/hw/zybo_bsd/zybo_bsd.srcs/constrs_1/new/base.xdc:10]
Resolution: If [get_<value>] was used to populate the object, check to make sure this command returns at least one valid object.
WARNING: [Vivado 12-584] No ports matched 'leds_4bits_tri_o[*]'. [C:/Users/maval/Desktop/hw/zybo_bsd/zybo_bsd.srcs/constrs_1/new/base.xdc:11]
CRITICAL WARNING: [Common 17-55] 'set_property' expects at least one object. [C:/Users/maval/Desktop/hw/zybo_bsd/zybo_bsd.srcs/constrs_1/new/base.xdc:11]
Resolution: If [get_<value>] was used to populate the object, check to make sure this command returns at least one valid object.
WARNING: [Vivado 12-584] No ports matched 'sws_4bits_tri_i[0]'. [C:/Users/maval/Desktop/hw/zybo_bsd/zybo_bsd.srcs/constrs_1/new/base.xdc:13]
CRITICAL WARNING: [Common 17-55] 'set_property' expects at least one object. [C:/Users/maval/Desktop/hw/zybo_bsd/zybo_bsd.srcs/constrs_1/new/base.xdc:13]
Resolution: If [get_<value>] was used to populate the object, check to make sure this command returns at least one valid object.
WARNING: [Vivado 12-584] No ports matched 'sws_4bits_tri_i[1]'. [C:/Users/maval/Desktop/hw/zybo_bsd/zybo_bsd.srcs/constrs_1/new/base.xdc:14]
CRITICAL WARNING: [Common 17-55] 'set_property' expects at least one object. [C:/Users/maval/Desktop/hw/zybo_bsd/zybo_bsd.srcs/constrs_1/new/base.xdc:14]
Resolution: If [get_<value>] was used to populate the object, check to make sure this command returns at least one valid object.
WARNING: [Vivado 12-584] No ports matched 'sws_4bits_tri_i[2]'. [C:/Users/maval/Desktop/hw/zybo_bsd/zybo_bsd.srcs/constrs_1/new/base.xdc:15]
CRITICAL WARNING: [Common 17-55] 'set_property' expects at least one object. [C:/Users/maval/Desktop/hw/zybo_bsd/zybo_bsd.srcs/constrs_1/new/base.xdc:15]
Resolution: If [get_<value>] was used to populate the object, check to make sure this command returns at least one valid object.
WARNING: [Vivado 12-584] No ports matched 'sws_4bits_tri_i[3]'. [C:/Users/maval/Desktop/hw/zybo_bsd/zybo_bsd.srcs/constrs_1/new/base.xdc:16]
CRITICAL WARNING: [Common 17-55] 'set_property' expects at least one object. [C:/Users/maval/Desktop/hw/zybo_bsd/zybo_bsd.srcs/constrs_1/new/base.xdc:16]
Resolution: If [get_<value>] was used to populate the object, check to make sure this command returns at least one valid object.
WARNING: [Vivado 12-584] No ports matched 'sws_4bits_tri_i[*]'. [C:/Users/maval/Desktop/hw/zybo_bsd/zybo_bsd.srcs/constrs_1/new/base.xdc:17]
CRITICAL WARNING: [Common 17-55] 'set_property' expects at least one object. [C:/Users/maval/Desktop/hw/zybo_bsd/zybo_bsd.srcs/constrs_1/new/base.xdc:17]
Resolution: If [get_<value>] was used to populate the object, check to make sure this command returns at least one valid object.
WARNING: [Vivado 12-584] No ports matched 'RED_O[0]'. [C:/Users/maval/Desktop/hw/zybo_bsd/zybo_bsd.srcs/constrs_1/new/base.xdc:24]
CRITICAL WARNING: [Common 17-55] 'set_property' expects at least one object. [C:/Users/maval/Desktop/hw/zybo_bsd/zybo_bsd.srcs/constrs_1/new/base.xdc:24]
Resolution: If [get_<value>] was used to populate the object, check to make sure this command returns at least one valid object.
WARNING: [Vivado 12-584] No ports matched 'RED_O[1]'. [C:/Users/maval/Desktop/hw/zybo_bsd/zybo_bsd.srcs/constrs_1/new/base.xdc:25]
CRITICAL WARNING: [Common 17-55] 'set_property' expects at least one object. [C:/Users/maval/Desktop/hw/zybo_bsd/zybo_bsd.srcs/constrs_1/new/base.xdc:25]
Resolution: If [get_<value>] was used to populate the object, check to make sure this command returns at least one valid object.
WARNING: [Vivado 12-584] No ports matched 'RED_O[2]'. [C:/Users/maval/Desktop/hw/zybo_bsd/zybo_bsd.srcs/constrs_1/new/base.xdc:26]
CRITICAL WARNING: [Common 17-55] 'set_property' expects at least one object. [C:/Users/maval/Desktop/hw/zybo_bsd/zybo_bsd.srcs/constrs_1/new/base.xdc:26]
Resolution: If [get_<value>] was used to populate the object, check to make sure this command returns at least one valid object.
WARNING: [Vivado 12-584] No ports matched 'RED_O[3]'. [C:/Users/maval/Desktop/hw/zybo_bsd/zybo_bsd.srcs/constrs_1/new/base.xdc:27]
CRITICAL WARNING: [Common 17-55] 'set_property' expects at least one object. [C:/Users/maval/Desktop/hw/zybo_bsd/zybo_bsd.srcs/constrs_1/new/base.xdc:27]
Resolution: If [get_<value>] was used to populate the object, check to make sure this command returns at least one valid object.
WARNING: [Vivado 12-584] No ports matched 'RED_O[4]'. [C:/Users/maval/Desktop/hw/zybo_bsd/zybo_bsd.srcs/constrs_1/new/base.xdc:28]
CRITICAL WARNING: [Common 17-55] 'set_property' expects at least one object. [C:/Users/maval/Desktop/hw/zybo_bsd/zybo_bsd.srcs/constrs_1/new/base.xdc:28]
Resolution: If [get_<value>] was used to populate the object, check to make sure this command returns at least one valid object.
WARNING: [Vivado 12-584] No ports matched 'RED_O[*]'. [C:/Users/maval/Desktop/hw/zybo_bsd/zybo_bsd.srcs/constrs_1/new/base.xdc:29]
CRITICAL WARNING: [Common 17-55] 'set_property' expects at least one object. [C:/Users/maval/Desktop/hw/zybo_bsd/zybo_bsd.srcs/constrs_1/new/base.xdc:29]
Resolution: If [get_<value>] was used to populate the object, check to make sure this command returns at least one valid object.
WARNING: [Vivado 12-584] No ports matched 'RED_O[*]'. [C:/Users/maval/Desktop/hw/zybo_bsd/zybo_bsd.srcs/constrs_1/new/base.xdc:30]
CRITICAL WARNING: [Common 17-55] 'set_property' expects at least one object. [C:/Users/maval/Desktop/hw/zybo_bsd/zybo_bsd.srcs/constrs_1/new/base.xdc:30]
Resolution: If [get_<value>] was used to populate the object, check to make sure this command returns at least one valid object.
WARNING: [Vivado 12-584] No ports matched 'GREEN_O[0]'. [C:/Users/maval/Desktop/hw/zybo_bsd/zybo_bsd.srcs/constrs_1/new/base.xdc:32]
CRITICAL WARNING: [Common 17-55] 'set_property' expects at least one object. [C:/Users/maval/Desktop/hw/zybo_bsd/zybo_bsd.srcs/constrs_1/new/base.xdc:32]
Resolution: If [get_<value>] was used to populate the object, check to make sure this command returns at least one valid object.
WARNING: [Vivado 12-584] No ports matched 'GREEN_O[1]'. [C:/Users/maval/Desktop/hw/zybo_bsd/zybo_bsd.srcs/constrs_1/new/base.xdc:33]
CRITICAL WARNING: [Common 17-55] 'set_property' expects at least one object. [C:/Users/maval/Desktop/hw/zybo_bsd/zybo_bsd.srcs/constrs_1/new/base.xdc:33]
Resolution: If [get_<value>] was used to populate the object, check to make sure this command returns at least one valid object.
WARNING: [Vivado 12-584] No ports matched 'GREEN_O[2]'. [C:/Users/maval/Desktop/hw/zybo_bsd/zybo_bsd.srcs/constrs_1/new/base.xdc:34]
CRITICAL WARNING: [Common 17-55] 'set_property' expects at least one object. [C:/Users/maval/Desktop/hw/zybo_bsd/zybo_bsd.srcs/constrs_1/new/base.xdc:34]
Resolution: If [get_<value>] was used to populate the object, check to make sure this command returns at least one valid object.
WARNING: [Vivado 12-584] No ports matched 'GREEN_O[3]'. [C:/Users/maval/Desktop/hw/zybo_bsd/zybo_bsd.srcs/constrs_1/new/base.xdc:35]
CRITICAL WARNING: [Common 17-55] 'set_property' expects at least one object. [C:/Users/maval/Desktop/hw/zybo_bsd/zybo_bsd.srcs/constrs_1/new/base.xdc:35]
Resolution: If [get_<value>] was used to populate the object, check to make sure this command returns at least one valid object.
WARNING: [Vivado 12-584] No ports matched 'GREEN_O[4]'. [C:/Users/maval/Desktop/hw/zybo_bsd/zybo_bsd.srcs/constrs_1/new/base.xdc:36]
CRITICAL WARNING: [Common 17-55] 'set_property' expects at least one object. [C:/Users/maval/Desktop/hw/zybo_bsd/zybo_bsd.srcs/constrs_1/new/base.xdc:36]
Resolution: If [get_<value>] was used to populate the object, check to make sure this command returns at least one valid object.
WARNING: [Vivado 12-584] No ports matched 'GREEN_O[5]'. [C:/Users/maval/Desktop/hw/zybo_bsd/zybo_bsd.srcs/constrs_1/new/base.xdc:37]
CRITICAL WARNING: [Common 17-55] 'set_property' expects at least one object. [C:/Users/maval/Desktop/hw/zybo_bsd/zybo_bsd.srcs/constrs_1/new/base.xdc:37]
Resolution: If [get_<value>] was used to populate the object, check to make sure this command returns at least one valid object.
WARNING: [Vivado 12-584] No ports matched 'GREEN_O[*]'. [C:/Users/maval/Desktop/hw/zybo_bsd/zybo_bsd.srcs/constrs_1/new/base.xdc:38]
CRITICAL WARNING: [Common 17-55] 'set_property' expects at least one object. [C:/Users/maval/Desktop/hw/zybo_bsd/zybo_bsd.srcs/constrs_1/new/base.xdc:38]
Resolution: If [get_<value>] was used to populate the object, check to make sure this command returns at least one valid object.
WARNING: [Vivado 12-584] No ports matched 'GREEN_O[*]'. [C:/Users/maval/Desktop/hw/zybo_bsd/zybo_bsd.srcs/constrs_1/new/base.xdc:39]
CRITICAL WARNING: [Common 17-55] 'set_property' expects at least one object. [C:/Users/maval/Desktop/hw/zybo_bsd/zybo_bsd.srcs/constrs_1/new/base.xdc:39]
Resolution: If [get_<value>] was used to populate the object, check to make sure this command returns at least one valid object.
WARNING: [Vivado 12-584] No ports matched 'BLUE_O[0]'. [C:/Users/maval/Desktop/hw/zybo_bsd/zybo_bsd.srcs/constrs_1/new/base.xdc:41]
CRITICAL WARNING: [Common 17-55] 'set_property' expects at least one object. [C:/Users/maval/Desktop/hw/zybo_bsd/zybo_bsd.srcs/constrs_1/new/base.xdc:41]
Resolution: If [get_<value>] was used to populate the object, check to make sure this command returns at least one valid object.
WARNING: [Vivado 12-584] No ports matched 'BLUE_O[1]'. [C:/Users/maval/Desktop/hw/zybo_bsd/zybo_bsd.srcs/constrs_1/new/base.xdc:42]
CRITICAL WARNING: [Common 17-55] 'set_property' expects at least one object. [C:/Users/maval/Desktop/hw/zybo_bsd/zybo_bsd.srcs/constrs_1/new/base.xdc:42]
Resolution: If [get_<value>] was used to populate the object, check to make sure this command returns at least one valid object.
WARNING: [Vivado 12-584] No ports matched 'BLUE_O[2]'. [C:/Users/maval/Desktop/hw/zybo_bsd/zybo_bsd.srcs/constrs_1/new/base.xdc:43]
CRITICAL WARNING: [Common 17-55] 'set_property' expects at least one object. [C:/Users/maval/Desktop/hw/zybo_bsd/zybo_bsd.srcs/constrs_1/new/base.xdc:43]
Resolution: If [get_<value>] was used to populate the object, check to make sure this command returns at least one valid object.
WARNING: [Vivado 12-584] No ports matched 'BLUE_O[3]'. [C:/Users/maval/Desktop/hw/zybo_bsd/zybo_bsd.srcs/constrs_1/new/base.xdc:44]
CRITICAL WARNING: [Common 17-55] 'set_property' expects at least one object. [C:/Users/maval/Desktop/hw/zybo_bsd/zybo_bsd.srcs/constrs_1/new/base.xdc:44]
Resolution: If [get_<value>] was used to populate the object, check to make sure this command returns at least one valid object.
WARNING: [Vivado 12-584] No ports matched 'BLUE_O[4]'. [C:/Users/maval/Desktop/hw/zybo_bsd/zybo_bsd.srcs/constrs_1/new/base.xdc:45]
CRITICAL WARNING: [Common 17-55] 'set_property' expects at least one object. [C:/Users/maval/Desktop/hw/zybo_bsd/zybo_bsd.srcs/constrs_1/new/base.xdc:45]
Resolution: If [get_<value>] was used to populate the object, check to make sure this command returns at least one valid object.
WARNING: [Vivado 12-584] No ports matched 'BLUE_O[*]'. [C:/Users/maval/Desktop/hw/zybo_bsd/zybo_bsd.srcs/constrs_1/new/base.xdc:46]
CRITICAL WARNING: [Common 17-55] 'set_property' expects at least one object. [C:/Users/maval/Desktop/hw/zybo_bsd/zybo_bsd.srcs/constrs_1/new/base.xdc:46]
Resolution: If [get_<value>] was used to populate the object, check to make sure this command returns at least one valid object.
WARNING: [Vivado 12-584] No ports matched 'BLUE_O[*]'. [C:/Users/maval/Desktop/hw/zybo_bsd/zybo_bsd.srcs/constrs_1/new/base.xdc:47]
CRITICAL WARNING: [Common 17-55] 'set_property' expects at least one object. [C:/Users/maval/Desktop/hw/zybo_bsd/zybo_bsd.srcs/constrs_1/new/base.xdc:47]
Resolution: If [get_<value>] was used to populate the object, check to make sure this command returns at least one valid object.
WARNING: [Vivado 12-584] No ports matched 'VSYNC_O'. [C:/Users/maval/Desktop/hw/zybo_bsd/zybo_bsd.srcs/constrs_1/new/base.xdc:49]
CRITICAL WARNING: [Common 17-55] 'set_property' expects at least one object. [C:/Users/maval/Desktop/hw/zybo_bsd/zybo_bsd.srcs/constrs_1/new/base.xdc:49]
Resolution: If [get_<value>] was used to populate the object, check to make sure this command returns at least one valid object.
WARNING: [Vivado 12-584] No ports matched 'HSYNC_O'. [C:/Users/maval/Desktop/hw/zybo_bsd/zybo_bsd.srcs/constrs_1/new/base.xdc:50]
CRITICAL WARNING: [Common 17-55] 'set_property' expects at least one object. [C:/Users/maval/Desktop/hw/zybo_bsd/zybo_bsd.srcs/constrs_1/new/base.xdc:50]
Resolution: If [get_<value>] was used to populate the object, check to make sure this command returns at least one valid object.
WARNING: [Vivado 12-584] No ports matched 'VSYNC_O'. [C:/Users/maval/Desktop/hw/zybo_bsd/zybo_bsd.srcs/constrs_1/new/base.xdc:51]
CRITICAL WARNING: [Common 17-55] 'set_property' expects at least one object. [C:/Users/maval/Desktop/hw/zybo_bsd/zybo_bsd.srcs/constrs_1/new/base.xdc:51]
Resolution: If [get_<value>] was used to populate the object, check to make sure this command returns at least one valid object.
WARNING: [Vivado 12-584] No ports matched 'HSYNC_O'. [C:/Users/maval/Desktop/hw/zybo_bsd/zybo_bsd.srcs/constrs_1/new/base.xdc:52]
CRITICAL WARNING: [Common 17-55] 'set_property' expects at least one object. [C:/Users/maval/Desktop/hw/zybo_bsd/zybo_bsd.srcs/constrs_1/new/base.xdc:52]
Resolution: If [get_<value>] was used to populate the object, check to make sure this command returns at least one valid object.
WARNING: [Vivado 12-584] No ports matched 'VSYNC_O'. [C:/Users/maval/Desktop/hw/zybo_bsd/zybo_bsd.srcs/constrs_1/new/base.xdc:53]
CRITICAL WARNING: [Common 17-55] 'set_property' expects at least one object. [C:/Users/maval/Desktop/hw/zybo_bsd/zybo_bsd.srcs/constrs_1/new/base.xdc:53]
Resolution: If [get_<value>] was used to populate the object, check to make sure this command returns at least one valid object.
WARNING: [Vivado 12-584] No ports matched 'HSYNC_O'. [C:/Users/maval/Desktop/hw/zybo_bsd/zybo_bsd.srcs/constrs_1/new/base.xdc:54]
CRITICAL WARNING: [Common 17-55] 'set_property' expects at least one object. [C:/Users/maval/Desktop/hw/zybo_bsd/zybo_bsd.srcs/constrs_1/new/base.xdc:54]
Resolution: If [get_<value>] was used to populate the object, check to make sure this command returns at least one valid object.
WARNING: [Vivado 12-584] No ports matched 'HDMI_CLK_P'. [C:/Users/maval/Desktop/hw/zybo_bsd/zybo_bsd.srcs/constrs_1/new/base.xdc:56]
CRITICAL WARNING: [Common 17-55] 'set_property' expects at least one object. [C:/Users/maval/Desktop/hw/zybo_bsd/zybo_bsd.srcs/constrs_1/new/base.xdc:56]
Resolution: If [get_<value>] was used to populate the object, check to make sure this command returns at least one valid object.
WARNING: [Vivado 12-584] No ports matched 'HDMI_D0_P'. [C:/Users/maval/Desktop/hw/zybo_bsd/zybo_bsd.srcs/constrs_1/new/base.xdc:57]
CRITICAL WARNING: [Common 17-55] 'set_property' expects at least one object. [C:/Users/maval/Desktop/hw/zybo_bsd/zybo_bsd.srcs/constrs_1/new/base.xdc:57]
Resolution: If [get_<value>] was used to populate the object, check to make sure this command returns at least one valid object.
WARNING: [Vivado 12-584] No ports matched 'HDMI_D1_P'. [C:/Users/maval/Desktop/hw/zybo_bsd/zybo_bsd.srcs/constrs_1/new/base.xdc:58]
CRITICAL WARNING: [Common 17-55] 'set_property' expects at least one object. [C:/Users/maval/Desktop/hw/zybo_bsd/zybo_bsd.srcs/constrs_1/new/base.xdc:58]
Resolution: If [get_<value>] was used to populate the object, check to make sure this command returns at least one valid object.
WARNING: [Vivado 12-584] No ports matched 'HDMI_D2_P'. [C:/Users/maval/Desktop/hw/zybo_bsd/zybo_bsd.srcs/constrs_1/new/base.xdc:59]
CRITICAL WARNING: [Common 17-55] 'set_property' expects at least one object. [C:/Users/maval/Desktop/hw/zybo_bsd/zybo_bsd.srcs/constrs_1/new/base.xdc:59]
Resolution: If [get_<value>] was used to populate the object, check to make sure this command returns at least one valid object.
WARNING: [Vivado 12-584] No ports matched 'HDMI_CLK_*'. [C:/Users/maval/Desktop/hw/zybo_bsd/zybo_bsd.srcs/constrs_1/new/base.xdc:60]
CRITICAL WARNING: [Common 17-55] 'set_property' expects at least one object. [C:/Users/maval/Desktop/hw/zybo_bsd/zybo_bsd.srcs/constrs_1/new/base.xdc:60]
Resolution: If [get_<value>] was used to populate the object, check to make sure this command returns at least one valid object.
WARNING: [Vivado 12-584] No ports matched 'HDMI_D*'. [C:/Users/maval/Desktop/hw/zybo_bsd/zybo_bsd.srcs/constrs_1/new/base.xdc:61]
CRITICAL WARNING: [Common 17-55] 'set_property' expects at least one object. [C:/Users/maval/Desktop/hw/zybo_bsd/zybo_bsd.srcs/constrs_1/new/base.xdc:61]
Resolution: If [get_<value>] was used to populate the object, check to make sure this command returns at least one valid object.
WARNING: [Vivado 12-584] No ports matched 'HDMI_OEN[0]'. [C:/Users/maval/Desktop/hw/zybo_bsd/zybo_bsd.srcs/constrs_1/new/base.xdc:63]
CRITICAL WARNING: [Common 17-55] 'set_property' expects at least one object. [C:/Users/maval/Desktop/hw/zybo_bsd/zybo_bsd.srcs/constrs_1/new/base.xdc:63]
Resolution: If [get_<value>] was used to populate the object, check to make sure this command returns at least one valid object.
WARNING: [Vivado 12-584] No ports matched 'HDMI_OEN[0]'. [C:/Users/maval/Desktop/hw/zybo_bsd/zybo_bsd.srcs/constrs_1/new/base.xdc:64]
CRITICAL WARNING: [Common 17-55] 'set_property' expects at least one object. [C:/Users/maval/Desktop/hw/zybo_bsd/zybo_bsd.srcs/constrs_1/new/base.xdc:64]
Resolution: If [get_<value>] was used to populate the object, check to make sure this command returns at least one valid object.
WARNING: [Vivado 12-584] No ports matched 'AC_BCLK[0]'. [C:/Users/maval/Desktop/hw/zybo_bsd/zybo_bsd.srcs/constrs_1/new/base.xdc:66]
CRITICAL WARNING: [Common 17-55] 'set_property' expects at least one object. [C:/Users/maval/Desktop/hw/zybo_bsd/zybo_bsd.srcs/constrs_1/new/base.xdc:66]
Resolution: If [get_<value>] was used to populate the object, check to make sure this command returns at least one valid object.
WARNING: [Vivado 12-584] No ports matched 'AC_MCLK'. [C:/Users/maval/Desktop/hw/zybo_bsd/zybo_bsd.srcs/constrs_1/new/base.xdc:67]
CRITICAL WARNING: [Common 17-55] 'set_property' expects at least one object. [C:/Users/maval/Desktop/hw/zybo_bsd/zybo_bsd.srcs/constrs_1/new/base.xdc:67]
Resolution: If [get_<value>] was used to populate the object, check to make sure this command returns at least one valid object.
WARNING: [Vivado 12-584] No ports matched 'AC_MUTE_N[0]'. [C:/Users/maval/Desktop/hw/zybo_bsd/zybo_bsd.srcs/constrs_1/new/base.xdc:68]
CRITICAL WARNING: [Common 17-55] 'set_property' expects at least one object. [C:/Users/maval/Desktop/hw/zybo_bsd/zybo_bsd.srcs/constrs_1/new/base.xdc:68]
Resolution: If [get_<value>] was used to populate the object, check to make sure this command returns at least one valid object.
WARNING: [Vivado 12-584] No ports matched 'AC_PBLRC[0]'. [C:/Users/maval/Desktop/hw/zybo_bsd/zybo_bsd.srcs/constrs_1/new/base.xdc:69]
CRITICAL WARNING: [Common 17-55] 'set_property' expects at least one object. [C:/Users/maval/Desktop/hw/zybo_bsd/zybo_bsd.srcs/constrs_1/new/base.xdc:69]
Resolution: If [get_<value>] was used to populate the object, check to make sure this command returns at least one valid object.
WARNING: [Vivado 12-584] No ports matched 'AC_RECLRC[0]'. [C:/Users/maval/Desktop/hw/zybo_bsd/zybo_bsd.srcs/constrs_1/new/base.xdc:70]
CRITICAL WARNING: [Common 17-55] 'set_property' expects at least one object. [C:/Users/maval/Desktop/hw/zybo_bsd/zybo_bsd.srcs/constrs_1/new/base.xdc:70]
Resolution: If [get_<value>] was used to populate the object, check to make sure this command returns at least one valid object.
WARNING: [Vivado 12-584] No ports matched 'AC_SDATA_O[0]'. [C:/Users/maval/Desktop/hw/zybo_bsd/zybo_bsd.srcs/constrs_1/new/base.xdc:71]
CRITICAL WARNING: [Common 17-55] 'set_property' expects at least one object. [C:/Users/maval/Desktop/hw/zybo_bsd/zybo_bsd.srcs/constrs_1/new/base.xdc:71]
Resolution: If [get_<value>] was used to populate the object, check to make sure this command returns at least one valid object.
WARNING: [Vivado 12-584] No ports matched 'AC_SDATA_I'. [C:/Users/maval/Desktop/hw/zybo_bsd/zybo_bsd.srcs/constrs_1/new/base.xdc:72]
CRITICAL WARNING: [Common 17-55] 'set_property' expects at least one object. [C:/Users/maval/Desktop/hw/zybo_bsd/zybo_bsd.srcs/constrs_1/new/base.xdc:72]
Resolution: If [get_<value>] was used to populate the object, check to make sure this command returns at least one valid object.
WARNING: [Vivado 12-584] No ports matched 'AC*'. [C:/Users/maval/Desktop/hw/zybo_bsd/zybo_bsd.srcs/constrs_1/new/base.xdc:73]
CRITICAL WARNING: [Common 17-55] 'set_property' expects at least one object. [C:/Users/maval/Desktop/hw/zybo_bsd/zybo_bsd.srcs/constrs_1/new/base.xdc:73]
Resolution: If [get_<value>] was used to populate the object, check to make sure this command returns at least one valid object.
WARNING: [Vivado 12-180] No cells matched 'system_i/axi_dispctrl_0/inst/DONT_USE_BUFR_DIV5.Inst_mmcme2_drp/mmcm_adv_inst'. [C:/Users/maval/Desktop/hw/zybo_bsd/zybo_bsd.srcs/constrs_1/new/base.xdc:77]
CRITICAL WARNING: [Common 17-55] 'set_property' expects at least one object. [C:/Users/maval/Desktop/hw/zybo_bsd/zybo_bsd.srcs/constrs_1/new/base.xdc:77]
Resolution: If [get_<value>] was used to populate the object, check to make sure this command returns at least one valid object.
INFO: [Timing 38-35] Done setting XDC timing constraints. [C:/Users/maval/Desktop/hw/zybo_bsd/zybo_bsd.srcs/constrs_1/new/base.xdc:85]
WARNING: [Vivado 12-627] No clocks matched 'clk_fpga_2'. [C:/Users/maval/Desktop/hw/zybo_bsd/zybo_bsd.srcs/constrs_1/new/base.xdc:85]
INFO: [Vivado 12-626] No clocks found. Please use 'create_clock' or 'create_generated_clock' command to create clocks. [C:/Users/maval/Desktop/hw/zybo_bsd/zybo_bsd.srcs/constrs_1/new/base.xdc:85]
get_clocks: Time (s): cpu = 00:00:12 ; elapsed = 00:00:12 . Memory (MB): peak = 938.547 ; gain = 466.137
CRITICAL WARNING: [Vivado 12-1387] No valid object(s) found for set_false_path constraint with option '-to [get_clocks clk_fpga_2]'. [C:/Users/maval/Desktop/hw/zybo_bsd/zybo_bsd.srcs/constrs_1/new/base.xdc:85]
Resolution: Check if the specified object(s) exists in the current design. If it does, ensure that the correct design hierarchy was specified for the object. If you are working with clocks, make sure create_clock was used to create the clock object before it is referenced.
WARNING: [Vivado 12-627] No clocks matched 'clk_fpga_2'. [C:/Users/maval/Desktop/hw/zybo_bsd/zybo_bsd.srcs/constrs_1/new/base.xdc:86]
INFO: [Vivado 12-626] No clocks found. Please use 'create_clock' or 'create_generated_clock' command to create clocks. [C:/Users/maval/Desktop/hw/zybo_bsd/zybo_bsd.srcs/constrs_1/new/base.xdc:86]
CRITICAL WARNING: [Vivado 12-1387] No valid object(s) found for set_false_path constraint with option '-from [get_clocks clk_fpga_2]'. [C:/Users/maval/Desktop/hw/zybo_bsd/zybo_bsd.srcs/constrs_1/new/base.xdc:86]
Resolution: Check if the specified object(s) exists in the current design. If it does, ensure that the correct design hierarchy was specified for the object. If you are working with clocks, make sure create_clock was used to create the clock object before it is referenced.
WARNING: [Vivado 12-627] No clocks matched 'axi_dispctrl_1_PXL_CLK_O'. [C:/Users/maval/Desktop/hw/zybo_bsd/zybo_bsd.srcs/constrs_1/new/base.xdc:90]
INFO: [Vivado 12-626] No clocks found. Please use 'create_clock' or 'create_generated_clock' command to create clocks. [C:/Users/maval/Desktop/hw/zybo_bsd/zybo_bsd.srcs/constrs_1/new/base.xdc:90]
CRITICAL WARNING: [Vivado 12-1387] No valid object(s) found for set_false_path constraint with option '-to [get_clocks axi_dispctrl_1_PXL_CLK_O]'. [C:/Users/maval/Desktop/hw/zybo_bsd/zybo_bsd.srcs/constrs_1/new/base.xdc:90]
Resolution: Check if the specified object(s) exists in the current design. If it does, ensure that the correct design hierarchy was specified for the object. If you are working with clocks, make sure create_clock was used to create the clock object before it is referenced.
WARNING: [Vivado 12-627] No clocks matched 'axi_dispctrl_1_PXL_CLK_O'. [C:/Users/maval/Desktop/hw/zybo_bsd/zybo_bsd.srcs/constrs_1/new/base.xdc:91]
INFO: [Vivado 12-626] No clocks found. Please use 'create_clock' or 'create_generated_clock' command to create clocks. [C:/Users/maval/Desktop/hw/zybo_bsd/zybo_bsd.srcs/constrs_1/new/base.xdc:91]
CRITICAL WARNING: [Vivado 12-1387] No valid object(s) found for set_false_path constraint with option '-from [get_clocks axi_dispctrl_1_PXL_CLK_O]'. [C:/Users/maval/Desktop/hw/zybo_bsd/zybo_bsd.srcs/constrs_1/new/base.xdc:91]
Resolution: Check if the specified object(s) exists in the current design. If it does, ensure that the correct design hierarchy was specified for the object. If you are working with clocks, make sure create_clock was used to create the clock object before it is referenced.
WARNING: [Vivado 12-508] No pins matched 'system_i/axi_dispctrl_0/inst/DONT_USE_BUFR_DIV5.BUFG_inst/O'. [C:/Users/maval/Desktop/hw/zybo_bsd/zybo_bsd.srcs/constrs_1/new/base.xdc:93]
CRITICAL WARNING: [Vivado 12-1387] No valid object(s) found for create_generated_clock constraint with option '-objects [get_pins system_i/axi_dispctrl_0/inst/DONT_USE_BUFR_DIV5.BUFG_inst/O]'. [C:/Users/maval/Desktop/hw/zybo_bsd/zybo_bsd.srcs/constrs_1/new/base.xdc:93]
Resolution: Check if the specified object(s) exists in the current design. If it does, ensure that the correct design hierarchy was specified for the object. If you are working with clocks, make sure create_clock was used to create the clock object before it is referenced.
WARNING: [Vivado 12-627] No clocks matched 'vga_pxlclk'. [C:/Users/maval/Desktop/hw/zybo_bsd/zybo_bsd.srcs/constrs_1/new/base.xdc:94]
INFO: [Vivado 12-626] No clocks found. Please use 'create_clock' or 'create_generated_clock' command to create clocks. [C:/Users/maval/Desktop/hw/zybo_bsd/zybo_bsd.srcs/constrs_1/new/base.xdc:94]
CRITICAL WARNING: [Vivado 12-1387] No valid object(s) found for set_false_path constraint with option '-from [get_clocks vga_pxlclk]'. [C:/Users/maval/Desktop/hw/zybo_bsd/zybo_bsd.srcs/constrs_1/new/base.xdc:94]
Resolution: Check if the specified object(s) exists in the current design. If it does, ensure that the correct design hierarchy was specified for the object. If you are working with clocks, make sure create_clock was used to create the clock object before it is referenced.
WARNING: [Vivado 12-627] No clocks matched 'vga_pxlclk'. [C:/Users/maval/Desktop/hw/zybo_bsd/zybo_bsd.srcs/constrs_1/new/base.xdc:95]
INFO: [Vivado 12-626] No clocks found. Please use 'create_clock' or 'create_generated_clock' command to create clocks. [C:/Users/maval/Desktop/hw/zybo_bsd/zybo_bsd.srcs/constrs_1/new/base.xdc:95]
CRITICAL WARNING: [Vivado 12-1387] No valid object(s) found for set_false_path constraint with option '-to [get_clocks vga_pxlclk]'. [C:/Users/maval/Desktop/hw/zybo_bsd/zybo_bsd.srcs/constrs_1/new/base.xdc:95]
Resolution: Check if the specified object(s) exists in the current design. If it does, ensure that the correct design hierarchy was specified for the object. If you are working with clocks, make sure create_clock was used to create the clock object before it is referenced.
Finished Parsing XDC File [C:/Users/maval/Desktop/hw/zybo_bsd/zybo_bsd.srcs/constrs_1/new/base.xdc]
INFO: [Opt 31-138] Pushed 0 inverter(s) to 0 load pin(s).
INFO: [Project 1-111] Unisim Transformation Summary:
  A total of 2 instances were transformed.
  IOBUF => IOBUF (IBUF, OBUFT): 2 instances

link_design: Time (s): cpu = 00:00:19 ; elapsed = 00:00:20 . Memory (MB): peak = 938.598 ; gain = 733.152
Command: opt_design
Attempting to get a license for feature 'Implementation' and/or device 'xc7z010'
INFO: [Common 17-349] Got license for feature 'Implementation' and/or device 'xc7z010'
Running DRC as a precondition to command opt_design

Starting DRC Task
INFO: [DRC 23-27] Running DRC with 2 threads
INFO: [Project 1-461] DRC finished with 0 Errors
INFO: [Project 1-462] Please refer to the DRC report (report_drc) for more information.

Time (s): cpu = 00:00:00 ; elapsed = 00:00:00.099 . Memory (MB): peak = 938.598 ; gain = 0.000
INFO: [Timing 38-35] Done setting XDC timing constraints.

Starting Logic Optimization Task
Implement Debug Cores | Checksum: 1e231b77a

Phase 1 Retarget
INFO: [Opt 31-138] Pushed 0 inverter(s) to 0 load pin(s).
INFO: [Opt 31-49] Retargeted 0 cell(s).
Phase 1 Retarget | Checksum: aa84f4d1

Time (s): cpu = 00:00:00 ; elapsed = 00:00:00.392 . Memory (MB): peak = 946.457 ; gain = 0.000

Phase 2 Constant Propagation
INFO: [Opt 31-138] Pushed 0 inverter(s) to 0 load pin(s).
INFO: [Opt 31-10] Eliminated 104 cells.
Phase 2 Constant Propagation | Checksum: 95689ad4

Time (s): cpu = 00:00:01 ; elapsed = 00:00:01 . Memory (MB): peak = 946.457 ; gain = 0.000

Phase 3 Sweep
INFO: [Opt 31-12] Eliminated 499 unconnected nets.
INFO: [Opt 31-11] Eliminated 321 unconnected cells.
Phase 3 Sweep | Checksum: 24102123e

Time (s): cpu = 00:00:01 ; elapsed = 00:00:02 . Memory (MB): peak = 946.457 ; gain = 0.000

Starting Connectivity Check Task

Time (s): cpu = 00:00:00 ; elapsed = 00:00:00.012 . Memory (MB): peak = 946.457 ; gain = 0.000
Ending Logic Optimization Task | Checksum: 24102123e

Time (s): cpu = 00:00:02 ; elapsed = 00:00:02 . Memory (MB): peak = 946.457 ; gain = 0.000

Starting Power Optimization Task
INFO: [Pwropt 34-132] Skipping clock gating for clocks with a period < 2.00 ns.
Ending Power Optimization Task | Checksum: 24102123e

Time (s): cpu = 00:00:00 ; elapsed = 00:00:00.012 . Memory (MB): peak = 946.457 ; gain = 0.000
INFO: [Common 17-83] Releasing license: Implementation
27 Infos, 67 Warnings, 67 Critical Warnings and 0 Errors encountered.
opt_design completed successfully
Writing placer database...
Writing XDEF routing.
Writing XDEF routing logical nets.
Writing XDEF routing special nets.
Write XDEF Complete: Time (s): cpu = 00:00:00 ; elapsed = 00:00:00.076 . Memory (MB): peak = 946.457 ; gain = 0.000
INFO: [DRC 23-27] Running DRC with 2 threads
INFO: [Coretcl 2-168] The results of DRC are in file C:/Users/maval/Desktop/hw/zybo_bsd/zybo_bsd.runs/impl_1/system_wrapper_drc_opted.rpt.
Command: place_design
Attempting to get a license for feature 'Implementation' and/or device 'xc7z010'
INFO: [Common 17-349] Got license for feature 'Implementation' and/or device 'xc7z010'
INFO: [DRC 23-27] Running DRC with 2 threads
INFO: [Vivado_Tcl 4-198] DRC finished with 0 Errors
INFO: [Vivado_Tcl 4-199] Please refer to the DRC report (report_drc) for more information.
Running DRC as a precondition to command place_design
INFO: [DRC 23-27] Running DRC with 2 threads
INFO: [Vivado_Tcl 4-198] DRC finished with 0 Errors
INFO: [Vivado_Tcl 4-199] Please refer to the DRC report (report_drc) for more information.

Starting Placer Task
INFO: [Place 30-611] Multithreading enabled for place_design using a maximum of 2 CPUs

Phase 1 Placer Initialization
Netlist sorting complete. Time (s): cpu = 00:00:00 ; elapsed = 00:00:00.006 . Memory (MB): peak = 946.457 ; gain = 0.000
Netlist sorting complete. Time (s): cpu = 00:00:00 ; elapsed = 00:00:00.008 . Memory (MB): peak = 946.457 ; gain = 0.000

Phase 1.1 IO Placement/ Clock Placement/ Build Placer Device

Phase 1.1.1 Pre-Place Cells
Phase 1.1.1 Pre-Place Cells | Checksum: 60c80fa4

Time (s): cpu = 00:00:00 ; elapsed = 00:00:00.046 . Memory (MB): peak = 946.457 ; gain = 0.000
WARNING: [Place 30-12] An IO Bus FIXED_IO_mio with more than one IO standard is found. Components associated with this bus are: 
	FIXED_IO_mio[53] of IOStandard LVCMOS18
	FIXED_IO_mio[52] of IOStandard LVCMOS18
	FIXED_IO_mio[51] of IOStandard LVCMOS18
	FIXED_IO_mio[50] of IOStandard LVCMOS18
	FIXED_IO_mio[49] of IOStandard LVCMOS18
	FIXED_IO_mio[48] of IOStandard LVCMOS18
	FIXED_IO_mio[47] of IOStandard LVCMOS18
	FIXED_IO_mio[46] of IOStandard LVCMOS18
	FIXED_IO_mio[45] of IOStandard LVCMOS18
	FIXED_IO_mio[44] of IOStandard LVCMOS18
	FIXED_IO_mio[43] of IOStandard LVCMOS18
	FIXED_IO_mio[42] of IOStandard LVCMOS18
	FIXED_IO_mio[41] of IOStandard LVCMOS18
	FIXED_IO_mio[40] of IOStandard LVCMOS18
	FIXED_IO_mio[39] of IOStandard LVCMOS18
	FIXED_IO_mio[38] of IOStandard LVCMOS18
	FIXED_IO_mio[37] of IOStandard LVCMOS18
	FIXED_IO_mio[36] of IOStandard LVCMOS18
	FIXED_IO_mio[35] of IOStandard LVCMOS18
	FIXED_IO_mio[34] of IOStandard LVCMOS18
	FIXED_IO_mio[33] of IOStandard LVCMOS18
	FIXED_IO_mio[32] of IOStandard LVCMOS18
	FIXED_IO_mio[31] of IOStandard LVCMOS18
	FIXED_IO_mio[30] of IOStandard LVCMOS18
	FIXED_IO_mio[29] of IOStandard LVCMOS18
	FIXED_IO_mio[28] of IOStandard LVCMOS18
	FIXED_IO_mio[27] of IOStandard HSTL_I_18
	FIXED_IO_mio[26] of IOStandard HSTL_I_18
	FIXED_IO_mio[25] of IOStandard HSTL_I_18
	FIXED_IO_mio[24] of IOStandard HSTL_I_18
	FIXED_IO_mio[23] of IOStandard HSTL_I_18
	FIXED_IO_mio[22] of IOStandard HSTL_I_18
	FIXED_IO_mio[21] of IOStandard HSTL_I_18
	FIXED_IO_mio[20] of IOStandard HSTL_I_18
	FIXED_IO_mio[19] of IOStandard HSTL_I_18
	FIXED_IO_mio[18] of IOStandard HSTL_I_18
	FIXED_IO_mio[17] of IOStandard HSTL_I_18
	FIXED_IO_mio[16] of IOStandard HSTL_I_18
	FIXED_IO_mio[15] of IOStandard LVCMOS18
	FIXED_IO_mio[14] of IOStandard LVCMOS18
	FIXED_IO_mio[13] of IOStandard LVCMOS18
	FIXED_IO_mio[12] of IOStandard LVCMOS18
	FIXED_IO_mio[11] of IOStandard LVCMOS18
	FIXED_IO_mio[10] of IOStandard LVCMOS18
	FIXED_IO_mio[9] of IOStandard LVCMOS18
	FIXED_IO_mio[8] of IOStandard LVCMOS33
	FIXED_IO_mio[7] of IOStandard LVCMOS18
	FIXED_IO_mio[6] of IOStandard LVCMOS33
	FIXED_IO_mio[5] of IOStandard LVCMOS33
	FIXED_IO_mio[4] of IOStandard LVCMOS33
	FIXED_IO_mio[3] of IOStandard LVCMOS33
	FIXED_IO_mio[2] of IOStandard LVCMOS33
	FIXED_IO_mio[1] of IOStandard LVCMOS33
	FIXED_IO_mio[0] of IOStandard LVCMOS18
INFO: [Timing 38-35] Done setting XDC timing constraints.

Phase 1.1.2 IO and Clk Clean Up
Phase 1.1.2 IO and Clk Clean Up | Checksum: 60c80fa4

Time (s): cpu = 00:00:02 ; elapsed = 00:00:01 . Memory (MB): peak = 969.195 ; gain = 22.738

Phase 1.1.3 Implementation Feasibility check On IDelay
Phase 1.1.3 Implementation Feasibility check On IDelay | Checksum: 60c80fa4

Time (s): cpu = 00:00:02 ; elapsed = 00:00:01 . Memory (MB): peak = 969.195 ; gain = 22.738

Phase 1.1.4 Commit IO Placement
Phase 1.1.4 Commit IO Placement | Checksum: f0577dd8

Time (s): cpu = 00:00:02 ; elapsed = 00:00:01 . Memory (MB): peak = 969.195 ; gain = 22.738
Phase 1.1 IO Placement/ Clock Placement/ Build Placer Device | Checksum: 11fc49de3

Time (s): cpu = 00:00:02 ; elapsed = 00:00:01 . Memory (MB): peak = 969.195 ; gain = 22.738

Phase 1.2 Build Placer Netlist Model

Phase 1.2.1 Place Init Design

Phase 1.2.1.1 Init Lut Pin Assignment
Phase 1.2.1.1 Init Lut Pin Assignment | Checksum: 2315294aa

Time (s): cpu = 00:00:02 ; elapsed = 00:00:01 . Memory (MB): peak = 969.195 ; gain = 22.738
Phase 1.2.1 Place Init Design | Checksum: 2017a1420

Time (s): cpu = 00:00:03 ; elapsed = 00:00:02 . Memory (MB): peak = 969.195 ; gain = 22.738
Phase 1.2 Build Placer Netlist Model | Checksum: 2017a1420

Time (s): cpu = 00:00:03 ; elapsed = 00:00:02 . Memory (MB): peak = 969.195 ; gain = 22.738

Phase 1.3 Constrain Clocks/Macros

Phase 1.3.1 Constrain Global/Regional Clocks
Phase 1.3.1 Constrain Global/Regional Clocks | Checksum: 2017a1420

Time (s): cpu = 00:00:03 ; elapsed = 00:00:02 . Memory (MB): peak = 969.195 ; gain = 22.738
Phase 1.3 Constrain Clocks/Macros | Checksum: 2017a1420

Time (s): cpu = 00:00:03 ; elapsed = 00:00:02 . Memory (MB): peak = 969.195 ; gain = 22.738
Phase 1 Placer Initialization | Checksum: 2017a1420

Time (s): cpu = 00:00:03 ; elapsed = 00:00:02 . Memory (MB): peak = 969.195 ; gain = 22.738

Phase 2 Global Placement
Phase 2 Global Placement | Checksum: 2108f9b77

Time (s): cpu = 00:00:05 ; elapsed = 00:00:03 . Memory (MB): peak = 969.195 ; gain = 22.738

Phase 3 Detail Placement

Phase 3.1 Commit Multi Column Macros
Phase 3.1 Commit Multi Column Macros | Checksum: 2108f9b77

Time (s): cpu = 00:00:05 ; elapsed = 00:00:03 . Memory (MB): peak = 969.195 ; gain = 22.738

Phase 3.2 Commit Most Macros & LUTRAMs
Phase 3.2 Commit Most Macros & LUTRAMs | Checksum: 1b2da9a3f

Time (s): cpu = 00:00:06 ; elapsed = 00:00:03 . Memory (MB): peak = 969.195 ; gain = 22.738

Phase 3.3 Area Swap Optimization
Phase 3.3 Area Swap Optimization | Checksum: 180900c82

Time (s): cpu = 00:00:06 ; elapsed = 00:00:03 . Memory (MB): peak = 969.195 ; gain = 22.738

Phase 3.4 updateClock Trees: DP
Phase 3.4 updateClock Trees: DP | Checksum: 180900c82

Time (s): cpu = 00:00:06 ; elapsed = 00:00:03 . Memory (MB): peak = 969.195 ; gain = 22.738

Phase 3.5 Timing Path Optimizer
Phase 3.5 Timing Path Optimizer | Checksum: 2517b6305

Time (s): cpu = 00:00:06 ; elapsed = 00:00:03 . Memory (MB): peak = 969.195 ; gain = 22.738

Phase 3.6 Fast Optimization
Phase 3.6 Fast Optimization | Checksum: 2517b6305

Time (s): cpu = 00:00:06 ; elapsed = 00:00:03 . Memory (MB): peak = 969.195 ; gain = 22.738

Phase 3.7 Small Shape Detail Placement

Phase 3.7.1 Commit Small Macros and Core Logic

Phase 3.7.1.1 Commit Slice Clusters
Phase 3.7.1.1 Commit Slice Clusters | Checksum: 112ef6ea4

Time (s): cpu = 00:00:07 ; elapsed = 00:00:04 . Memory (MB): peak = 969.195 ; gain = 22.738
Phase 3.7.1 Commit Small Macros and Core Logic | Checksum: 112ef6ea4

Time (s): cpu = 00:00:07 ; elapsed = 00:00:04 . Memory (MB): peak = 969.195 ; gain = 22.738

Phase 3.7.2 Clock Restriction Legalization for Leaf Columns
Phase 3.7.2 Clock Restriction Legalization for Leaf Columns | Checksum: 112ef6ea4

Time (s): cpu = 00:00:07 ; elapsed = 00:00:04 . Memory (MB): peak = 969.195 ; gain = 22.738

Phase 3.7.3 Clock Restriction Legalization for Non-Clock Pins
Phase 3.7.3 Clock Restriction Legalization for Non-Clock Pins | Checksum: 112ef6ea4

Time (s): cpu = 00:00:07 ; elapsed = 00:00:04 . Memory (MB): peak = 969.195 ; gain = 22.738
Phase 3.7 Small Shape Detail Placement | Checksum: 112ef6ea4

Time (s): cpu = 00:00:07 ; elapsed = 00:00:04 . Memory (MB): peak = 969.195 ; gain = 22.738

Phase 3.8 Re-assign LUT pins
Phase 3.8 Re-assign LUT pins | Checksum: 13d4447c2

Time (s): cpu = 00:00:07 ; elapsed = 00:00:04 . Memory (MB): peak = 969.195 ; gain = 22.738
Phase 3 Detail Placement | Checksum: 13d4447c2

Time (s): cpu = 00:00:07 ; elapsed = 00:00:04 . Memory (MB): peak = 969.195 ; gain = 22.738

Phase 4 Post Placement Optimization and Clean-Up

Phase 4.1 Post Commit Optimization

Phase 4.1.1 callUpdateTimingBeforePCO
Phase 4.1.1 callUpdateTimingBeforePCO | Checksum: 146bfa7ae

Time (s): cpu = 00:00:07 ; elapsed = 00:00:05 . Memory (MB): peak = 969.195 ; gain = 22.738

Phase 4.1.2 updateClock Trees: PCOPT
Phase 4.1.2 updateClock Trees: PCOPT | Checksum: 146bfa7ae

Time (s): cpu = 00:00:07 ; elapsed = 00:00:05 . Memory (MB): peak = 969.195 ; gain = 22.738

Phase 4.1.3 Post Placement Optimization

Phase 4.1.3.1 PCOPT Shape updates

Phase 4.1.3.1.1 removeOptionalFFsFromShapes
Phase 4.1.3.1.1 removeOptionalFFsFromShapes | Checksum: 146bfa7ae

Time (s): cpu = 00:00:07 ; elapsed = 00:00:05 . Memory (MB): peak = 969.195 ; gain = 22.738

Phase 4.1.3.1.2 deleteLutnmShapes

Phase 4.1.3.1.2.1 deleteShapes
Phase 4.1.3.1.2.1 deleteShapes | Checksum: d5f5abbf

Time (s): cpu = 00:00:08 ; elapsed = 00:00:05 . Memory (MB): peak = 969.195 ; gain = 22.738
Phase 4.1.3.1.2 deleteLutnmShapes | Checksum: d5f5abbf

Time (s): cpu = 00:00:08 ; elapsed = 00:00:05 . Memory (MB): peak = 969.195 ; gain = 22.738
Phase 4.1.3.1 PCOPT Shape updates | Checksum: d5f5abbf

Time (s): cpu = 00:00:08 ; elapsed = 00:00:05 . Memory (MB): peak = 969.195 ; gain = 22.738

Phase 4.1.3.2 Post Placement Timing Optimization
INFO: [Place 30-746] Post Placement Timing Summary WNS=3.109. For the most accurate timing information please run report_timing.
Phase 4.1.3.2 Post Placement Timing Optimization | Checksum: e0a7325e

Time (s): cpu = 00:00:08 ; elapsed = 00:00:05 . Memory (MB): peak = 969.195 ; gain = 22.738
Phase 4.1.3 Post Placement Optimization | Checksum: e0a7325e

Time (s): cpu = 00:00:08 ; elapsed = 00:00:05 . Memory (MB): peak = 969.195 ; gain = 22.738
Phase 4.1 Post Commit Optimization | Checksum: e0a7325e

Time (s): cpu = 00:00:08 ; elapsed = 00:00:05 . Memory (MB): peak = 969.195 ; gain = 22.738

Phase 4.2 Sweep Clock Roots: Post-Placement
Phase 4.2 Sweep Clock Roots: Post-Placement | Checksum: e0a7325e

Time (s): cpu = 00:00:08 ; elapsed = 00:00:05 . Memory (MB): peak = 969.195 ; gain = 22.738

Phase 4.3 Post Placement Cleanup
Phase 4.3 Post Placement Cleanup | Checksum: e0a7325e

Time (s): cpu = 00:00:08 ; elapsed = 00:00:05 . Memory (MB): peak = 969.195 ; gain = 22.738

Phase 4.4 Placer Reporting

Phase 4.4.1 Restore STA
Phase 4.4.1 Restore STA | Checksum: e0a7325e

Time (s): cpu = 00:00:08 ; elapsed = 00:00:05 . Memory (MB): peak = 969.195 ; gain = 22.738
Phase 4.4 Placer Reporting | Checksum: e0a7325e

Time (s): cpu = 00:00:08 ; elapsed = 00:00:05 . Memory (MB): peak = 969.195 ; gain = 22.738

Phase 4.5 Final Placement Cleanup
Phase 4.5 Final Placement Cleanup | Checksum: 169105a0f

Time (s): cpu = 00:00:08 ; elapsed = 00:00:05 . Memory (MB): peak = 969.195 ; gain = 22.738
Phase 4 Post Placement Optimization and Clean-Up | Checksum: 169105a0f

Time (s): cpu = 00:00:08 ; elapsed = 00:00:05 . Memory (MB): peak = 969.195 ; gain = 22.738
Ending Placer Task | Checksum: 154cf3a26

Time (s): cpu = 00:00:08 ; elapsed = 00:00:05 . Memory (MB): peak = 969.195 ; gain = 22.738
INFO: [Common 17-83] Releasing license: Implementation
40 Infos, 68 Warnings, 67 Critical Warnings and 0 Errors encountered.
place_design completed successfully
place_design: Time (s): cpu = 00:00:09 ; elapsed = 00:00:06 . Memory (MB): peak = 969.195 ; gain = 22.738
Writing placer database...
Writing XDEF routing.
Writing XDEF routing logical nets.
Writing XDEF routing special nets.
Write XDEF Complete: Time (s): cpu = 00:00:01 ; elapsed = 00:00:00.341 . Memory (MB): peak = 969.195 ; gain = 0.000
report_io: Time (s): cpu = 00:00:00 ; elapsed = 00:00:00.060 . Memory (MB): peak = 969.195 ; gain = 0.000
report_utilization: Time (s): cpu = 00:00:00 ; elapsed = 00:00:00.030 . Memory (MB): peak = 969.195 ; gain = 0.000
report_control_sets: Time (s): cpu = 00:00:00 ; elapsed = 00:00:00.009 . Memory (MB): peak = 969.195 ; gain = 0.000
Command: route_design
Attempting to get a license for feature 'Implementation' and/or device 'xc7z010'
INFO: [Common 17-349] Got license for feature 'Implementation' and/or device 'xc7z010'
Running DRC as a precondition to command route_design
INFO: [DRC 23-27] Running DRC with 2 threads
WARNING: [DRC 23-20] Rule violation (PLIO-7) Placement Constraints Check for IO constraints - An IO Bus FIXED_IO_mio[53:0] with more than one IO standard is found. Components associated with this bus are: LVCMOS33 (FIXED_IO_mio[8], FIXED_IO_mio[6], FIXED_IO_mio[5], FIXED_IO_mio[4], FIXED_IO_mio[3], FIXED_IO_mio[2], FIXED_IO_mio[1]); LVCMOS18 (FIXED_IO_mio[53], FIXED_IO_mio[52], FIXED_IO_mio[51], FIXED_IO_mio[50], FIXED_IO_mio[49], FIXED_IO_mio[48], FIXED_IO_mio[47], FIXED_IO_mio[46], FIXED_IO_mio[45], FIXED_IO_mio[44], FIXED_IO_mio[43], FIXED_IO_mio[42], FIXED_IO_mio[41], FIXED_IO_mio[40], FIXED_IO_mio[39] (the first 15 of 35 listed)); HSTL_I_18 (FIXED_IO_mio[27], FIXED_IO_mio[26], FIXED_IO_mio[25], FIXED_IO_mio[24], FIXED_IO_mio[23], FIXED_IO_mio[22], FIXED_IO_mio[21], FIXED_IO_mio[20], FIXED_IO_mio[19], FIXED_IO_mio[18], FIXED_IO_mio[17], FIXED_IO_mio[16]); 
INFO: [Vivado_Tcl 4-198] DRC finished with 0 Errors, 1 Warnings
INFO: [Vivado_Tcl 4-199] Please refer to the DRC report (report_drc) for more information.


Starting Routing Task
INFO: [Route 35-254] Multithreading enabled for route_design using a maximum of 2 CPUs
Checksum: PlaceDB: 779d7204 ConstDB: 0 ShapeSum: dd31c822 RouteDB: 0

Phase 1 Build RT Design
Phase 1 Build RT Design | Checksum: e26b89a3

Time (s): cpu = 00:00:17 ; elapsed = 00:00:15 . Memory (MB): peak = 1009.383 ; gain = 40.188

Phase 2 Router Initialization

Phase 2.1 Create Timer
Phase 2.1 Create Timer | Checksum: e26b89a3

Time (s): cpu = 00:00:17 ; elapsed = 00:00:15 . Memory (MB): peak = 1013.121 ; gain = 43.926

Phase 2.2 Pre Route Cleanup
Phase 2.2 Pre Route Cleanup | Checksum: e26b89a3

Time (s): cpu = 00:00:17 ; elapsed = 00:00:15 . Memory (MB): peak = 1019.547 ; gain = 50.352
 Number of Nodes with overlaps = 0

Phase 2.3 Update Timing
Phase 2.3 Update Timing | Checksum: 1a86f12b5

Time (s): cpu = 00:00:18 ; elapsed = 00:00:16 . Memory (MB): peak = 1027.883 ; gain = 58.688
INFO: [Route 35-416] Intermediate Timing Summary | WNS=3.235  | TNS=0.000  | WHS=-0.183 | THS=-24.013|

Phase 2 Router Initialization | Checksum: 1b202e1b7

Time (s): cpu = 00:00:19 ; elapsed = 00:00:16 . Memory (MB): peak = 1027.883 ; gain = 58.688

Phase 3 Initial Routing
Phase 3 Initial Routing | Checksum: 86963b6b

Time (s): cpu = 00:00:19 ; elapsed = 00:00:16 . Memory (MB): peak = 1027.883 ; gain = 58.688

Phase 4 Rip-up And Reroute

Phase 4.1 Global Iteration 0
 Number of Nodes with overlaps = 136
 Number of Nodes with overlaps = 1
 Number of Nodes with overlaps = 0

Phase 4.1.1 Update Timing
Phase 4.1.1 Update Timing | Checksum: 17595d749

Time (s): cpu = 00:00:20 ; elapsed = 00:00:17 . Memory (MB): peak = 1027.883 ; gain = 58.688
INFO: [Route 35-416] Intermediate Timing Summary | WNS=3.296  | TNS=0.000  | WHS=N/A    | THS=N/A    |

Phase 4.1 Global Iteration 0 | Checksum: 12549dccf

Time (s): cpu = 00:00:20 ; elapsed = 00:00:17 . Memory (MB): peak = 1027.883 ; gain = 58.688
Phase 4 Rip-up And Reroute | Checksum: 12549dccf

Time (s): cpu = 00:00:20 ; elapsed = 00:00:17 . Memory (MB): peak = 1027.883 ; gain = 58.688

Phase 5 Delay and Skew Optimization

Phase 5.1 Delay CleanUp

Phase 5.1.1 Update Timing
Phase 5.1.1 Update Timing | Checksum: 187e82ab6

Time (s): cpu = 00:00:21 ; elapsed = 00:00:17 . Memory (MB): peak = 1027.883 ; gain = 58.688
INFO: [Route 35-416] Intermediate Timing Summary | WNS=3.296  | TNS=0.000  | WHS=N/A    | THS=N/A    |

Phase 5.1 Delay CleanUp | Checksum: 187e82ab6

Time (s): cpu = 00:00:21 ; elapsed = 00:00:17 . Memory (MB): peak = 1027.883 ; gain = 58.688

Phase 5.2 Clock Skew Optimization
Phase 5.2 Clock Skew Optimization | Checksum: 187e82ab6

Time (s): cpu = 00:00:21 ; elapsed = 00:00:17 . Memory (MB): peak = 1027.883 ; gain = 58.688
Phase 5 Delay and Skew Optimization | Checksum: 187e82ab6

Time (s): cpu = 00:00:21 ; elapsed = 00:00:17 . Memory (MB): peak = 1027.883 ; gain = 58.688

Phase 6 Post Hold Fix

Phase 6.1 Update Timing
Phase 6.1 Update Timing | Checksum: 10aad2c05

Time (s): cpu = 00:00:21 ; elapsed = 00:00:17 . Memory (MB): peak = 1027.883 ; gain = 58.688
INFO: [Route 35-416] Intermediate Timing Summary | WNS=3.296  | TNS=0.000  | WHS=0.037  | THS=0.000  |

Phase 6 Post Hold Fix | Checksum: 17f522c36

Time (s): cpu = 00:00:21 ; elapsed = 00:00:17 . Memory (MB): peak = 1027.883 ; gain = 58.688

Phase 7 Route finalize

Router Utilization Summary
  Global Vertical Routing Utilization    = 0.842905 %
  Global Horizontal Routing Utilization  = 1.07698 %
  Routable Net Status*
  *Does not include unroutable nets such as driverless and loadless.
  Run report_route_status for detailed report.
  Number of Failed Nets               = 0
  Number of Unrouted Nets             = 0
  Number of Partially Routed Nets     = 0
  Number of Node Overlaps             = 0

Phase 7 Route finalize | Checksum: 158955807

Time (s): cpu = 00:00:21 ; elapsed = 00:00:17 . Memory (MB): peak = 1027.883 ; gain = 58.688

Phase 8 Verifying routed nets

 Verification completed successfully
Phase 8 Verifying routed nets | Checksum: 158955807

Time (s): cpu = 00:00:21 ; elapsed = 00:00:17 . Memory (MB): peak = 1027.883 ; gain = 58.688

Phase 9 Depositing Routes
Phase 9 Depositing Routes | Checksum: 1d1c0b333

Time (s): cpu = 00:00:21 ; elapsed = 00:00:17 . Memory (MB): peak = 1027.883 ; gain = 58.688

Phase 10 Post Router Timing
INFO: [Route 35-57] Estimated Timing Summary | WNS=3.296  | TNS=0.000  | WHS=0.037  | THS=0.000  |

INFO: [Route 35-327] The final timing numbers are based on the router estimated timing analysis. For a complete and accurate timing signoff, please run report_timing_summary.
Phase 10 Post Router Timing | Checksum: 1d1c0b333

Time (s): cpu = 00:00:21 ; elapsed = 00:00:17 . Memory (MB): peak = 1027.883 ; gain = 58.688
INFO: [Route 35-16] Router Completed Successfully

Time (s): cpu = 00:00:21 ; elapsed = 00:00:17 . Memory (MB): peak = 1027.883 ; gain = 58.688

Routing Is Done.
INFO: [Common 17-83] Releasing license: Implementation
53 Infos, 69 Warnings, 67 Critical Warnings and 0 Errors encountered.
route_design completed successfully
route_design: Time (s): cpu = 00:00:22 ; elapsed = 00:00:18 . Memory (MB): peak = 1027.883 ; gain = 58.688
Writing placer database...
Writing XDEF routing.
Writing XDEF routing logical nets.
Writing XDEF routing special nets.
Write XDEF Complete: Time (s): cpu = 00:00:01 ; elapsed = 00:00:00.377 . Memory (MB): peak = 1027.883 ; gain = 0.000
INFO: [DRC 23-27] Running DRC with 2 threads
INFO: [Coretcl 2-168] The results of DRC are in file C:/Users/maval/Desktop/hw/zybo_bsd/zybo_bsd.runs/impl_1/system_wrapper_drc_routed.rpt.
INFO: [Timing 38-91] UpdateTimingParams: Speed grade: -1, Delay Type: min_max.
INFO: [Timing 38-191] Multithreading enabled for timing update using a maximum of 2 CPUs
Running Vector-less Activity Propagation...

Finished Running Vector-less Activity Propagation
Attempting to get a license for feature 'Implementation' and/or device 'xc7z010'
INFO: [Common 17-349] Got license for feature 'Implementation' and/or device 'xc7z010'
Running DRC as a precondition to command write_bitstream
INFO: [DRC 23-27] Running DRC with 2 threads
INFO: [Vivado 12-3199] DRC finished with 0 Errors
INFO: [Vivado 12-3200] Please refer to the DRC report (report_drc) for more information.
Loading data files...
Loading site data...
Loading route data...
Processing options...
Creating bitmap...
Creating bitstream...
Writing bitstream ./system_wrapper.bit...
INFO: [Vivado 12-1842] Bitgen Completed Successfully.
INFO: [Common 17-83] Releasing license: Implementation
write_bitstream: Time (s): cpu = 00:00:22 ; elapsed = 00:00:21 . Memory (MB): peak = 1363.438 ; gain = 321.727
INFO: [Common 17-206] Exiting Vivado at Mon May 30 17:05:47 2016...
